<?xml version="1.0" encoding="UTF-8"?>
<testsuite name="app.identifier.IdentifierInitialTest" tests="1" skipped="0" failures="0" errors="0" timestamp="2023-04-28T13:41:01" hostname="phk" time="0.005">
  <properties/>
  <testcase name="validateIdentifier01" classname="app.identifier.IdentifierInitialTest" time="0.005"/>
  <system-out><![CDATA[]]></system-out>
  <system-err><![CDATA[]]></system-err>
</testsuite>
