<?xml version="1.0" encoding="UTF-8"?>
<testsuite name="app.identifier.IdentifierInitialTest" tests="1" skipped="0" failures="0" errors="0" timestamp="2023-05-04T13:08:31" hostname="phk" time="0.004">
  <properties/>
  <testcase name="validateIdentifier01" classname="app.identifier.IdentifierInitialTest" time="0.004"/>
  <system-out><![CDATA[]]></system-out>
  <system-err><![CDATA[]]></system-err>
</testsuite>
