<?xml version='1.0' encoding='UTF-8' ?>
<testsuite name="app.identifier.IdentifierUITest" tests="3" failures="0" errors="0" skipped="0" time="5.648" timestamp="2023-04-28T13:28:59" hostname="localhost">
  <properties>
    <property name="device" value="Nexus_5X_API_28(AVD) - 9" />
    <property name="flavor" value="" />
    <property name="project" value="app" />
  </properties>
  <testcase name="test01" classname="app.identifier.IdentifierUITest" time="2.272" />
  <testcase name="test02" classname="app.identifier.IdentifierUITest" time="1.523" />
  <testcase name="test03" classname="app.identifier.IdentifierUITest" time="1.534" />
</testsuite>